[INFO  - 2016-12-22T07:02:08.778Z] GhostDriver - Main - running on port 25912
[INFO  - 2016-12-22T07:02:09.419Z] Session [8e540170-c814-11e6-b1f1-f71e17e19b0c] - page.settings - {"XSSAuditingEnabled":false,"javascriptCanCloseWindows":true,"javascriptCanOpenWindows":true,"javascriptEnabled":true,"loadImages":true,"localToRemoteUrlAccessEnabled":false,"userAgent":"Mozilla/5.0 (Windows NT 6.1; WOW64) AppleWebKit/538.1 (KHTML, like Gecko) PhantomJS/2.1.1 Safari/538.1","webSecurityEnabled":true}
[INFO  - 2016-12-22T07:02:09.419Z] Session [8e540170-c814-11e6-b1f1-f71e17e19b0c] - page.customHeaders:  - {}
[INFO  - 2016-12-22T07:02:09.419Z] Session [8e540170-c814-11e6-b1f1-f71e17e19b0c] - Session.negotiatedCapabilities - {"browserName":"phantomjs","version":"2.1.1","driverName":"ghostdriver","driverVersion":"1.2.0","platform":"windows-7-32bit","javascriptEnabled":true,"takesScreenshot":true,"handlesAlerts":false,"databaseEnabled":false,"locationContextEnabled":false,"applicationCacheEnabled":false,"browserConnectionEnabled":false,"cssSelectorsEnabled":true,"webStorageEnabled":false,"rotatable":false,"acceptSslCerts":false,"nativeEvents":true,"proxy":{"proxyType":"direct"}}
[INFO  - 2016-12-22T07:02:09.419Z] SessionManagerReqHand - _postNewSessionCommand - New Session Created: 8e540170-c814-11e6-b1f1-f71e17e19b0c
[INFO  - 2016-12-22T07:02:11.148Z] ShutdownReqHand - _handle - About to shutdown
[INFO  - 2016-12-22T07:02:38.850Z] GhostDriver - Main - running on port 8917
[INFO  - 2016-12-22T07:02:39.173Z] Session [a0101b10-c814-11e6-bba4-c15d5e8d26f5] - page.settings - {"XSSAuditingEnabled":false,"javascriptCanCloseWindows":true,"javascriptCanOpenWindows":true,"javascriptEnabled":true,"loadImages":true,"localToRemoteUrlAccessEnabled":false,"userAgent":"Mozilla/5.0 (Windows NT 6.1; WOW64) AppleWebKit/538.1 (KHTML, like Gecko) PhantomJS/2.1.1 Safari/538.1","webSecurityEnabled":true}
[INFO  - 2016-12-22T07:02:39.173Z] Session [a0101b10-c814-11e6-bba4-c15d5e8d26f5] - page.customHeaders:  - {}
[INFO  - 2016-12-22T07:02:39.173Z] Session [a0101b10-c814-11e6-bba4-c15d5e8d26f5] - Session.negotiatedCapabilities - {"browserName":"phantomjs","version":"2.1.1","driverName":"ghostdriver","driverVersion":"1.2.0","platform":"windows-7-32bit","javascriptEnabled":true,"takesScreenshot":true,"handlesAlerts":false,"databaseEnabled":false,"locationContextEnabled":false,"applicationCacheEnabled":false,"browserConnectionEnabled":false,"cssSelectorsEnabled":true,"webStorageEnabled":false,"rotatable":false,"acceptSslCerts":false,"nativeEvents":true,"proxy":{"proxyType":"direct"}}
[INFO  - 2016-12-22T07:02:39.173Z] SessionManagerReqHand - _postNewSessionCommand - New Session Created: a0101b10-c814-11e6-bba4-c15d5e8d26f5
[INFO  - 2016-12-22T07:02:40.442Z] ShutdownReqHand - _handle - About to shutdown
[INFO  - 2016-12-22T07:02:53.783Z] GhostDriver - Main - running on port 16414
[INFO  - 2016-12-22T07:02:54.100Z] Session [a8f5c900-c814-11e6-8042-1d2176e7a806] - page.settings - {"XSSAuditingEnabled":false,"javascriptCanCloseWindows":true,"javascriptCanOpenWindows":true,"javascriptEnabled":true,"loadImages":true,"localToRemoteUrlAccessEnabled":false,"userAgent":"Mozilla/5.0 (Windows NT 6.1; WOW64) AppleWebKit/538.1 (KHTML, like Gecko) PhantomJS/2.1.1 Safari/538.1","webSecurityEnabled":true}
[INFO  - 2016-12-22T07:02:54.100Z] Session [a8f5c900-c814-11e6-8042-1d2176e7a806] - page.customHeaders:  - {}
[INFO  - 2016-12-22T07:02:54.100Z] Session [a8f5c900-c814-11e6-8042-1d2176e7a806] - Session.negotiatedCapabilities - {"browserName":"phantomjs","version":"2.1.1","driverName":"ghostdriver","driverVersion":"1.2.0","platform":"windows-7-32bit","javascriptEnabled":true,"takesScreenshot":true,"handlesAlerts":false,"databaseEnabled":false,"locationContextEnabled":false,"applicationCacheEnabled":false,"browserConnectionEnabled":false,"cssSelectorsEnabled":true,"webStorageEnabled":false,"rotatable":false,"acceptSslCerts":false,"nativeEvents":true,"proxy":{"proxyType":"direct"}}
[INFO  - 2016-12-22T07:02:54.100Z] SessionManagerReqHand - _postNewSessionCommand - New Session Created: a8f5c900-c814-11e6-8042-1d2176e7a806
[INFO  - 2016-12-22T07:02:55.474Z] ShutdownReqHand - _handle - About to shutdown
[INFO  - 2016-12-22T08:47:21.797Z] GhostDriver - Main - running on port 44883
[INFO  - 2016-12-22T08:47:22.124Z] Session [40fe7f90-c823-11e6-a8e5-6b2600230825] - page.settings - {"XSSAuditingEnabled":false,"javascriptCanCloseWindows":true,"javascriptCanOpenWindows":true,"javascriptEnabled":true,"loadImages":true,"localToRemoteUrlAccessEnabled":false,"userAgent":"Mozilla/5.0 (Windows NT 6.1; WOW64) AppleWebKit/538.1 (KHTML, like Gecko) PhantomJS/2.1.1 Safari/538.1","webSecurityEnabled":true}
[INFO  - 2016-12-22T08:47:22.124Z] Session [40fe7f90-c823-11e6-a8e5-6b2600230825] - page.customHeaders:  - {}
[INFO  - 2016-12-22T08:47:22.125Z] Session [40fe7f90-c823-11e6-a8e5-6b2600230825] - Session.negotiatedCapabilities - {"browserName":"phantomjs","version":"2.1.1","driverName":"ghostdriver","driverVersion":"1.2.0","platform":"windows-7-32bit","javascriptEnabled":true,"takesScreenshot":true,"handlesAlerts":false,"databaseEnabled":false,"locationContextEnabled":false,"applicationCacheEnabled":false,"browserConnectionEnabled":false,"cssSelectorsEnabled":true,"webStorageEnabled":false,"rotatable":false,"acceptSslCerts":false,"nativeEvents":true,"proxy":{"proxyType":"direct"}}
[INFO  - 2016-12-22T08:47:22.125Z] SessionManagerReqHand - _postNewSessionCommand - New Session Created: 40fe7f90-c823-11e6-a8e5-6b2600230825
[INFO  - 2016-12-22T08:47:23.389Z] ShutdownReqHand - _handle - About to shutdown
[INFO  - 2016-12-22T08:47:39.750Z] GhostDriver - Main - running on port 22395
[INFO  - 2016-12-22T08:47:40.086Z] Session [4bb32120-c823-11e6-8251-51eee816194d] - page.settings - {"XSSAuditingEnabled":false,"javascriptCanCloseWindows":true,"javascriptCanOpenWindows":true,"javascriptEnabled":true,"loadImages":true,"localToRemoteUrlAccessEnabled":false,"userAgent":"Mozilla/5.0 (Windows NT 6.1; WOW64) AppleWebKit/538.1 (KHTML, like Gecko) PhantomJS/2.1.1 Safari/538.1","webSecurityEnabled":true}
[INFO  - 2016-12-22T08:47:40.086Z] Session [4bb32120-c823-11e6-8251-51eee816194d] - page.customHeaders:  - {}
[INFO  - 2016-12-22T08:47:40.086Z] Session [4bb32120-c823-11e6-8251-51eee816194d] - Session.negotiatedCapabilities - {"browserName":"phantomjs","version":"2.1.1","driverName":"ghostdriver","driverVersion":"1.2.0","platform":"windows-7-32bit","javascriptEnabled":true,"takesScreenshot":true,"handlesAlerts":false,"databaseEnabled":false,"locationContextEnabled":false,"applicationCacheEnabled":false,"browserConnectionEnabled":false,"cssSelectorsEnabled":true,"webStorageEnabled":false,"rotatable":false,"acceptSslCerts":false,"nativeEvents":true,"proxy":{"proxyType":"direct"}}
[INFO  - 2016-12-22T08:47:40.086Z] SessionManagerReqHand - _postNewSessionCommand - New Session Created: 4bb32120-c823-11e6-8251-51eee816194d
[INFO  - 2016-12-22T08:47:41.282Z] ShutdownReqHand - _handle - About to shutdown
